<?xml version="1.0" encoding="utf-8"?><testsuites><testsuite name="pytest" errors="0" failures="1" skipped="0" tests="1" time="46.547" timestamp="2025-07-22T14:08:46.719035" hostname="thanhs-Mac-mini.local"><testcase classname="tests.selenium.test_chat_widget.TestChatWidget" name="test_widget_toggle_functionality" time="46.476"><failure message="Failed: Element not visible: css selector=[data-testid='chat-window']">tests/selenium/base_test.py:32: in assert_element_visible
    self.utils.wait_for_element(driver, by, value, timeout)
tests/conftest.py:216: in wait_for_element
    return wait.until(EC.visibility_of_element_located((by, value)))
../../../../Library/Python/3.9/lib/python/site-packages/selenium/webdriver/support/wait.py:101: in until
    raise TimeoutException(message, screen, stacktrace)
E   selenium.common.exceptions.TimeoutException: Message: 
E   Stacktrace:
E   0   chromedriver                        0x00000001009a755c cxxbridge1$str$ptr + 2731064
E   1   chromedriver                        0x000000010099f454 cxxbridge1$str$ptr + 2698032
E   2   chromedriver                        0x00000001004ee3f8 cxxbridge1$string$len + 90664
E   3   chromedriver                        0x000000010053571c cxxbridge1$string$len + 382284
E   4   chromedriver                        0x0000000100576b1c cxxbridge1$string$len + 649548
E   5   chromedriver                        0x0000000100529a0c cxxbridge1$string$len + 333884
E   6   chromedriver                        0x000000010096a5e0 cxxbridge1$str$ptr + 2481340
E   7   chromedriver                        0x000000010096d848 cxxbridge1$str$ptr + 2494244
E   8   chromedriver                        0x000000010094b234 cxxbridge1$str$ptr + 2353424
E   9   chromedriver                        0x000000010096e104 cxxbridge1$str$ptr + 2496480
E   10  chromedriver                        0x000000010093c2e4 cxxbridge1$str$ptr + 2292160
E   11  chromedriver                        0x000000010098dff8 cxxbridge1$str$ptr + 2627284
E   12  chromedriver                        0x000000010098e184 cxxbridge1$str$ptr + 2627680
E   13  chromedriver                        0x000000010099f090 cxxbridge1$str$ptr + 2697068
E   14  libsystem_pthread.dylib             0x00000001884a8c0c _pthread_start + 136
E   15  libsystem_pthread.dylib             0x00000001884a3b80 thread_start + 8

During handling of the above exception, another exception occurred:
tests/selenium/test_chat_widget.py:51: in test_widget_toggle_functionality
    self.assert_element_visible(chrome_driver, By.CSS_SELECTOR, "[data-testid='chat-window']")
tests/selenium/base_test.py:35: in assert_element_visible
    pytest.fail(f"Element not visible: {by}={value}")
E   Failed: Element not visible: css selector=[data-testid='chat-window']</failure></testcase></testsuite></testsuites>