<?xml version="1.0" encoding="utf-8"?><testsuites name="pytest tests"><testsuite name="pytest" errors="3" failures="0" skipped="0" tests="3" time="0.087" timestamp="2025-07-22T08:58:20.599047+07:00" hostname="thanhs-Mac-mini.local"><testcase classname="" name="tests.selenium.test_admin_interface" time="0.000"><error message="collection failure">ImportError while importing test module '/Users/thanhtran/Documents/DocumentsLocal - thanh's Mac mini/Code/chat-system/tests/selenium/test_admin_interface.py'.
Hint: make sure your test modules/packages have valid Python names.
Traceback:
/Library/Developer/CommandLineTools/Library/Frameworks/Python3.framework/Versions/3.9/lib/python3.9/importlib/__init__.py:127: in import_module
    return _bootstrap._gcd_import(name[level:], package, level)
tests/selenium/test_admin_interface.py:6: in &lt;module&gt;
    from .base_test import BaseTest
E   ImportError: attempted relative import with no known parent package</error></testcase><testcase classname="" name="tests.selenium.test_chat_widget" time="0.000"><error message="collection failure">ImportError while importing test module '/Users/thanhtran/Documents/DocumentsLocal - thanh's Mac mini/Code/chat-system/tests/selenium/test_chat_widget.py'.
Hint: make sure your test modules/packages have valid Python names.
Traceback:
/Library/Developer/CommandLineTools/Library/Frameworks/Python3.framework/Versions/3.9/lib/python3.9/importlib/__init__.py:127: in import_module
    return _bootstrap._gcd_import(name[level:], package, level)
tests/selenium/test_chat_widget.py:6: in &lt;module&gt;
    from .base_test import BaseTest
E   ImportError: attempted relative import with no known parent package</error></testcase><testcase classname="" name="tests.selenium.test_integration" time="0.000"><error message="collection failure">ImportError while importing test module '/Users/thanhtran/Documents/DocumentsLocal - thanh's Mac mini/Code/chat-system/tests/selenium/test_integration.py'.
Hint: make sure your test modules/packages have valid Python names.
Traceback:
/Library/Developer/CommandLineTools/Library/Frameworks/Python3.framework/Versions/3.9/lib/python3.9/importlib/__init__.py:127: in import_module
    return _bootstrap._gcd_import(name[level:], package, level)
tests/selenium/test_integration.py:11: in &lt;module&gt;
    from .base_test import BaseTest
E   ImportError: attempted relative import with no known parent package</error></testcase></testsuite></testsuites>